2022-05-11 11:31:26.171471 thirdparty/protobuf-3.4.1/BUILD:60: debug: "thirdparty/protobuf-3.4.1/src/google/protobuf/any.h" is an undeclared header
2022-05-11 11:31:26.171620 thirdparty/protobuf-3.4.1/BUILD:60: debug: "thirdparty/protobuf-3.4.1/src/google/protobuf/generated_message_util.h" is an undeclared header
2022-05-11 11:31:26.172534 thirdparty/protobuf-3.4.1/BUILD:60: debug: "thirdparty/protobuf-3.4.1/src/google/protobuf/any.pb.h" is an undeclared header
2022-05-11 11:31:26.172701 thirdparty/protobuf-3.4.1/BUILD:60: debug: "thirdparty/protobuf-3.4.1/src/google/protobuf/generated_message_reflection.h" is an undeclared header
2022-05-11 11:31:26.172776 thirdparty/protobuf-3.4.1/BUILD:60: debug: "thirdparty/protobuf-3.4.1/src/google/protobuf/reflection_ops.h" is an undeclared header
2022-05-11 11:31:26.172832 thirdparty/protobuf-3.4.1/BUILD:60: debug: "thirdparty/protobuf-3.4.1/src/google/protobuf/wire_format.h" is an undeclared header
2022-05-11 11:31:26.173371 thirdparty/protobuf-3.4.1/BUILD:60: debug: "thirdparty/protobuf-3.4.1/src/google/protobuf/api.pb.h" is an undeclared header
2022-05-11 11:31:26.173463 thirdparty/protobuf-3.4.1/BUILD:60: debug: "thirdparty/protobuf-3.4.1/src/google/protobuf/generated_message_reflection.h" is an undeclared header
2022-05-11 11:31:26.173521 thirdparty/protobuf-3.4.1/BUILD:60: debug: "thirdparty/protobuf-3.4.1/src/google/protobuf/reflection_ops.h" is an undeclared header
2022-05-11 11:31:26.173573 thirdparty/protobuf-3.4.1/BUILD:60: debug: "thirdparty/protobuf-3.4.1/src/google/protobuf/wire_format.h" is an undeclared header
2022-05-11 11:31:26.174475 thirdparty/protobuf-3.4.1/BUILD:60: debug: "thirdparty/protobuf-3.4.1/src/google/protobuf/compiler/importer.h" is an undeclared header
2022-05-11 11:31:26.174642 thirdparty/protobuf-3.4.1/BUILD:60: debug: "thirdparty/protobuf-3.4.1/src/google/protobuf/io/zero_copy_stream_impl.h" is an undeclared header
2022-05-11 11:31:26.174712 thirdparty/protobuf-3.4.1/BUILD:60: debug: "thirdparty/protobuf-3.4.1/src/google/protobuf/stubs/io_win32.h" is an undeclared header
2022-05-11 11:31:26.174764 thirdparty/protobuf-3.4.1/BUILD:60: debug: "thirdparty/protobuf-3.4.1/src/google/protobuf/stubs/strutil.h" is an undeclared header
2022-05-11 11:31:26.175591 thirdparty/protobuf-3.4.1/BUILD:60: debug: "thirdparty/protobuf-3.4.1/src/google/protobuf/stubs/hash.h" is an undeclared header
2022-05-11 11:31:26.175715 thirdparty/protobuf-3.4.1/BUILD:60: debug: "thirdparty/protobuf-3.4.1/src/google/protobuf/compiler/parser.h" is an undeclared header
2022-05-11 11:31:26.175788 thirdparty/protobuf-3.4.1/BUILD:60: debug: "thirdparty/protobuf-3.4.1/src/google/protobuf/wire_format.h" is an undeclared header
2022-05-11 11:31:26.175842 thirdparty/protobuf-3.4.1/BUILD:60: debug: "thirdparty/protobuf-3.4.1/src/google/protobuf/stubs/strutil.h" is an undeclared header
2022-05-11 11:31:26.175896 thirdparty/protobuf-3.4.1/BUILD:60: debug: "thirdparty/protobuf-3.4.1/src/google/protobuf/stubs/map_util.h" is an undeclared header
2022-05-11 11:31:26.176705 thirdparty/protobuf-3.4.1/BUILD:60: debug: "thirdparty/protobuf-3.4.1/src/google/protobuf/stubs/hash.h" is an undeclared header
2022-05-11 11:31:26.176820 thirdparty/protobuf-3.4.1/BUILD:60: debug: "thirdparty/protobuf-3.4.1/src/google/protobuf/stubs/once.h" is an undeclared header
2022-05-11 11:31:26.176881 thirdparty/protobuf-3.4.1/BUILD:60: debug: "thirdparty/protobuf-3.4.1/src/google/protobuf/stubs/stringprintf.h" is an undeclared header
2022-05-11 11:31:26.176934 thirdparty/protobuf-3.4.1/BUILD:60: debug: "thirdparty/protobuf-3.4.1/src/google/protobuf/stubs/strutil.h" is an undeclared header
2022-05-11 11:31:26.176985 thirdparty/protobuf-3.4.1/BUILD:60: debug: "thirdparty/protobuf-3.4.1/src/google/protobuf/io/strtod.h" is an undeclared header
2022-05-11 11:31:26.177042 thirdparty/protobuf-3.4.1/BUILD:60: debug: "thirdparty/protobuf-3.4.1/src/google/protobuf/io/coded_stream.h" is an undeclared header
2022-05-11 11:31:26.177090 thirdparty/protobuf-3.4.1/BUILD:60: debug: "thirdparty/protobuf-3.4.1/src/google/protobuf/io/tokenizer.h" is an undeclared header
2022-05-11 11:31:26.177150 thirdparty/protobuf-3.4.1/BUILD:60: debug: "thirdparty/protobuf-3.4.1/src/google/protobuf/io/zero_copy_stream_impl.h" is an undeclared header
2022-05-11 11:31:26.177205 thirdparty/protobuf-3.4.1/BUILD:60: debug: "thirdparty/protobuf-3.4.1/src/google/protobuf/descriptor.pb.h" is an undeclared header
2022-05-11 11:31:26.177267 thirdparty/protobuf-3.4.1/BUILD:60: debug: "thirdparty/protobuf-3.4.1/src/google/protobuf/descriptor_database.h" is an undeclared header
2022-05-11 11:31:26.177313 thirdparty/protobuf-3.4.1/BUILD:60: debug: "thirdparty/protobuf-3.4.1/src/google/protobuf/dynamic_message.h" is an undeclared header
2022-05-11 11:31:26.177358 thirdparty/protobuf-3.4.1/BUILD:60: debug: "thirdparty/protobuf-3.4.1/src/google/protobuf/text_format.h" is an undeclared header
2022-05-11 11:31:26.177404 thirdparty/protobuf-3.4.1/BUILD:60: debug: "thirdparty/protobuf-3.4.1/src/google/protobuf/wire_format.h" is an undeclared header
2022-05-11 11:31:26.177457 thirdparty/protobuf-3.4.1/BUILD:60: debug: "thirdparty/protobuf-3.4.1/src/google/protobuf/stubs/substitute.h" is an undeclared header
2022-05-11 11:31:26.177506 thirdparty/protobuf-3.4.1/BUILD:60: debug: "thirdparty/protobuf-3.4.1/src/google/protobuf/stubs/map_util.h" is an undeclared header
2022-05-11 11:31:26.178181 thirdparty/protobuf-3.4.1/BUILD:60: debug: "thirdparty/protobuf-3.4.1/src/google/protobuf/descriptor.pb.h" is an undeclared header
2022-05-11 11:31:26.178324 thirdparty/protobuf-3.4.1/BUILD:60: debug: "thirdparty/protobuf-3.4.1/src/google/protobuf/generated_message_reflection.h" is an undeclared header
2022-05-11 11:31:26.178390 thirdparty/protobuf-3.4.1/BUILD:60: debug: "thirdparty/protobuf-3.4.1/src/google/protobuf/reflection_ops.h" is an undeclared header
2022-05-11 11:31:26.178441 thirdparty/protobuf-3.4.1/BUILD:60: debug: "thirdparty/protobuf-3.4.1/src/google/protobuf/wire_format.h" is an undeclared header
2022-05-11 11:31:26.179784 thirdparty/protobuf-3.4.1/BUILD:60: debug: "thirdparty/protobuf-3.4.1/src/google/protobuf/descriptor_database.h" is an undeclared header
2022-05-11 11:31:26.180076 thirdparty/protobuf-3.4.1/BUILD:60: debug: "thirdparty/protobuf-3.4.1/src/google/protobuf/descriptor.pb.h" is an undeclared header
2022-05-11 11:31:26.180186 thirdparty/protobuf-3.4.1/BUILD:60: debug: "thirdparty/protobuf-3.4.1/src/google/protobuf/stubs/strutil.h" is an undeclared header
2022-05-11 11:31:26.180282 thirdparty/protobuf-3.4.1/BUILD:60: debug: "thirdparty/protobuf-3.4.1/src/google/protobuf/stubs/map_util.h" is an undeclared header
2022-05-11 11:31:26.180349 thirdparty/protobuf-3.4.1/BUILD:60: debug: "thirdparty/protobuf-3.4.1/src/google/protobuf/stubs/stl_util.h" is an undeclared header
2022-05-11 11:31:26.184137 thirdparty/protobuf-3.4.1/BUILD:60: debug: "thirdparty/protobuf-3.4.1/src/google/protobuf/duration.pb.h" is an undeclared header
2022-05-11 11:31:26.184560 thirdparty/protobuf-3.4.1/BUILD:60: debug: "thirdparty/protobuf-3.4.1/src/google/protobuf/generated_message_reflection.h" is an undeclared header
2022-05-11 11:31:26.184632 thirdparty/protobuf-3.4.1/BUILD:60: debug: "thirdparty/protobuf-3.4.1/src/google/protobuf/reflection_ops.h" is an undeclared header
2022-05-11 11:31:26.184687 thirdparty/protobuf-3.4.1/BUILD:60: debug: "thirdparty/protobuf-3.4.1/src/google/protobuf/wire_format.h" is an undeclared header
2022-05-11 11:31:26.185640 thirdparty/protobuf-3.4.1/BUILD:60: debug: "thirdparty/protobuf-3.4.1/src/google/protobuf/stubs/hash.h" is an undeclared header
2022-05-11 11:31:26.185758 thirdparty/protobuf-3.4.1/BUILD:60: debug: "thirdparty/protobuf-3.4.1/src/google/protobuf/dynamic_message.h" is an undeclared header
2022-05-11 11:31:26.185820 thirdparty/protobuf-3.4.1/BUILD:60: debug: "thirdparty/protobuf-3.4.1/src/google/protobuf/descriptor.pb.h" is an undeclared header
2022-05-11 11:31:26.185873 thirdparty/protobuf-3.4.1/BUILD:60: debug: "thirdparty/protobuf-3.4.1/src/google/protobuf/generated_message_reflection.h" is an undeclared header
2022-05-11 11:31:26.185922 thirdparty/protobuf-3.4.1/BUILD:60: debug: "thirdparty/protobuf-3.4.1/src/google/protobuf/map_field.h" is an undeclared header
2022-05-11 11:31:26.185987 thirdparty/protobuf-3.4.1/BUILD:60: debug: "thirdparty/protobuf-3.4.1/src/google/protobuf/map_field_inl.h" is an undeclared header
2022-05-11 11:31:26.186034 thirdparty/protobuf-3.4.1/BUILD:60: debug: "thirdparty/protobuf-3.4.1/src/google/protobuf/wire_format.h" is an undeclared header
2022-05-11 11:31:26.191160 thirdparty/protobuf-3.4.1/BUILD:60: debug: "thirdparty/protobuf-3.4.1/src/google/protobuf/empty.pb.h" is an undeclared header
2022-05-11 11:31:26.191346 thirdparty/protobuf-3.4.1/BUILD:60: debug: "thirdparty/protobuf-3.4.1/src/google/protobuf/generated_message_reflection.h" is an undeclared header
2022-05-11 11:31:26.191418 thirdparty/protobuf-3.4.1/BUILD:60: debug: "thirdparty/protobuf-3.4.1/src/google/protobuf/reflection_ops.h" is an undeclared header
2022-05-11 11:31:26.191473 thirdparty/protobuf-3.4.1/BUILD:60: debug: "thirdparty/protobuf-3.4.1/src/google/protobuf/wire_format.h" is an undeclared header
2022-05-11 11:31:26.192782 thirdparty/protobuf-3.4.1/BUILD:60: debug: "thirdparty/protobuf-3.4.1/src/google/protobuf/io/coded_stream.h" is an undeclared header
2022-05-11 11:31:26.192949 thirdparty/protobuf-3.4.1/BUILD:60: debug: "thirdparty/protobuf-3.4.1/src/google/protobuf/io/zero_copy_stream_impl_lite.h" is an undeclared header
2022-05-11 11:31:26.193013 thirdparty/protobuf-3.4.1/BUILD:60: debug: "thirdparty/protobuf-3.4.1/src/google/protobuf/descriptor.h" is an undeclared header
2022-05-11 11:31:26.193055 thirdparty/protobuf-3.4.1/BUILD:60: debug: "thirdparty/protobuf-3.4.1/src/google/protobuf/extension_set.h" is an undeclared header
2022-05-11 11:31:26.193084 thirdparty/protobuf-3.4.1/BUILD:60: debug: "thirdparty/protobuf-3.4.1/src/google/protobuf/message.h" is an undeclared header
2022-05-11 11:31:26.193123 thirdparty/protobuf-3.4.1/BUILD:60: debug: "thirdparty/protobuf-3.4.1/src/google/protobuf/wire_format.h" is an undeclared header
2022-05-11 11:31:26.195400 thirdparty/protobuf-3.4.1/BUILD:60: debug: "thirdparty/protobuf-3.4.1/src/google/protobuf/field_mask.pb.h" is an undeclared header
2022-05-11 11:31:26.195890 thirdparty/protobuf-3.4.1/BUILD:60: debug: "thirdparty/protobuf-3.4.1/src/google/protobuf/generated_message_reflection.h" is an undeclared header
2022-05-11 11:31:26.196049 thirdparty/protobuf-3.4.1/BUILD:60: debug: "thirdparty/protobuf-3.4.1/src/google/protobuf/reflection_ops.h" is an undeclared header
2022-05-11 11:31:26.196171 thirdparty/protobuf-3.4.1/BUILD:60: debug: "thirdparty/protobuf-3.4.1/src/google/protobuf/wire_format.h" is an undeclared header
2022-05-11 11:31:26.197197 thirdparty/protobuf-3.4.1/BUILD:60: debug: "thirdparty/protobuf-3.4.1/src/google/protobuf/stubs/logging.h" is an undeclared header
2022-05-11 11:31:26.197404 thirdparty/protobuf-3.4.1/BUILD:60: debug: "thirdparty/protobuf-3.4.1/src/google/protobuf/stubs/common.h" is an undeclared header
2022-05-11 11:31:26.197487 thirdparty/protobuf-3.4.1/BUILD:60: debug: "thirdparty/protobuf-3.4.1/src/google/protobuf/descriptor.pb.h" is an undeclared header
2022-05-11 11:31:26.197588 thirdparty/protobuf-3.4.1/BUILD:60: debug: "thirdparty/protobuf-3.4.1/src/google/protobuf/generated_message_reflection.h" is an undeclared header
2022-05-11 11:31:26.197757 thirdparty/protobuf-3.4.1/BUILD:60: debug: "thirdparty/protobuf-3.4.1/src/google/protobuf/map_field.h" is an undeclared header
2022-05-11 11:31:26.197861 thirdparty/protobuf-3.4.1/BUILD:60: debug: "thirdparty/protobuf-3.4.1/src/google/protobuf/wire_format.h" is an undeclared header
2022-05-11 11:31:26.199129 thirdparty/protobuf-3.4.1/BUILD:60: debug: "thirdparty/protobuf-3.4.1/src/google/protobuf/generated_message_table_driven.h" is an undeclared header
2022-05-11 11:31:26.199366 thirdparty/protobuf-3.4.1/BUILD:60: debug: "thirdparty/protobuf-3.4.1/src/google/protobuf/generated_message_table_driven_lite.h" is an undeclared header
2022-05-11 11:31:26.199492 thirdparty/protobuf-3.4.1/BUILD:60: debug: "thirdparty/protobuf-3.4.1/src/google/protobuf/metadata.h" is an undeclared header
2022-05-11 11:31:26.199637 thirdparty/protobuf-3.4.1/BUILD:60: debug: "thirdparty/protobuf-3.4.1/src/google/protobuf/wire_format.h" is an undeclared header
2022-05-11 11:31:26.200172 thirdparty/protobuf-3.4.1/BUILD:60: debug: "thirdparty/protobuf-3.4.1/src/google/protobuf/io/gzip_stream.h" is an undeclared header
2022-05-11 11:31:26.200608 thirdparty/protobuf-3.4.1/BUILD:60: debug: "thirdparty/protobuf-3.4.1/src/google/protobuf/io/printer.h" is an undeclared header
2022-05-11 11:31:26.200697 thirdparty/protobuf-3.4.1/BUILD:60: debug: "thirdparty/protobuf-3.4.1/src/google/protobuf/io/zero_copy_stream.h" is an undeclared header
2022-05-11 11:31:26.201081 thirdparty/protobuf-3.4.1/BUILD:60: debug: "thirdparty/protobuf-3.4.1/src/google/protobuf/io/strtod.h" is an undeclared header
2022-05-11 11:31:26.201158 thirdparty/protobuf-3.4.1/BUILD:60: debug: "thirdparty/protobuf-3.4.1/src/google/protobuf/stubs/logging.h" is an undeclared header
2022-05-11 11:31:26.201224 thirdparty/protobuf-3.4.1/BUILD:60: debug: "thirdparty/protobuf-3.4.1/src/google/protobuf/stubs/common.h" is an undeclared header
2022-05-11 11:31:26.201563 thirdparty/protobuf-3.4.1/BUILD:60: debug: "thirdparty/protobuf-3.4.1/src/google/protobuf/io/tokenizer.h" is an undeclared header
2022-05-11 11:31:26.201653 thirdparty/protobuf-3.4.1/BUILD:60: debug: "thirdparty/protobuf-3.4.1/src/google/protobuf/stubs/stringprintf.h" is an undeclared header
2022-05-11 11:31:26.205132 thirdparty/protobuf-3.4.1/BUILD:60: debug: "thirdparty/protobuf-3.4.1/src/google/protobuf/io/strtod.h" is an undeclared header
2022-05-11 11:31:26.205321 thirdparty/protobuf-3.4.1/BUILD:60: debug: "thirdparty/protobuf-3.4.1/src/google/protobuf/io/zero_copy_stream.h" is an undeclared header
2022-05-11 11:31:26.205466 thirdparty/protobuf-3.4.1/BUILD:60: debug: "thirdparty/protobuf-3.4.1/src/google/protobuf/stubs/strutil.h" is an undeclared header
2022-05-11 11:31:26.205524 thirdparty/protobuf-3.4.1/BUILD:60: debug: "thirdparty/protobuf-3.4.1/src/google/protobuf/stubs/stl_util.h" is an undeclared header
2022-05-11 11:31:26.205932 thirdparty/protobuf-3.4.1/BUILD:60: debug: "thirdparty/protobuf-3.4.1/src/google/protobuf/io/zero_copy_stream_impl.h" is an undeclared header
2022-05-11 11:31:26.208287 thirdparty/protobuf-3.4.1/BUILD:60: debug: "thirdparty/protobuf-3.4.1/src/google/protobuf/stubs/io_win32.h" is an undeclared header
2022-05-11 11:31:26.209129 thirdparty/protobuf-3.4.1/BUILD:60: debug: "thirdparty/protobuf-3.4.1/src/google/protobuf/map_field.h" is an undeclared header
2022-05-11 11:31:26.209268 thirdparty/protobuf-3.4.1/BUILD:60: debug: "thirdparty/protobuf-3.4.1/src/google/protobuf/map_field_inl.h" is an undeclared header
2022-05-11 11:31:26.210969 thirdparty/protobuf-3.4.1/BUILD:60: debug: "thirdparty/protobuf-3.4.1/src/google/protobuf/stubs/hash.h" is an undeclared header
2022-05-11 11:31:26.211149 thirdparty/protobuf-3.4.1/BUILD:60: debug: "thirdparty/protobuf-3.4.1/src/google/protobuf/message.h" is an undeclared header
2022-05-11 11:31:26.211218 thirdparty/protobuf-3.4.1/BUILD:60: debug: "thirdparty/protobuf-3.4.1/src/google/protobuf/reflection_internal.h" is an undeclared header
2022-05-11 11:31:26.211279 thirdparty/protobuf-3.4.1/BUILD:60: debug: "thirdparty/protobuf-3.4.1/src/google/protobuf/io/zero_copy_stream_impl.h" is an undeclared header
2022-05-11 11:31:26.211339 thirdparty/protobuf-3.4.1/BUILD:60: debug: "thirdparty/protobuf-3.4.1/src/google/protobuf/descriptor.pb.h" is an undeclared header
2022-05-11 11:31:26.211392 thirdparty/protobuf-3.4.1/BUILD:60: debug: "thirdparty/protobuf-3.4.1/src/google/protobuf/wire_format.h" is an undeclared header
2022-05-11 11:31:26.211439 thirdparty/protobuf-3.4.1/BUILD:60: debug: "thirdparty/protobuf-3.4.1/src/google/protobuf/stubs/strutil.h" is an undeclared header
2022-05-11 11:31:26.211484 thirdparty/protobuf-3.4.1/BUILD:60: debug: "thirdparty/protobuf-3.4.1/src/google/protobuf/stubs/map_util.h" is an undeclared header
2022-05-11 11:31:26.211553 thirdparty/protobuf-3.4.1/BUILD:60: debug: "thirdparty/protobuf-3.4.1/src/google/protobuf/stubs/singleton.h" is an undeclared header
2022-05-11 11:31:26.212738 thirdparty/protobuf-3.4.1/BUILD:60: debug: "thirdparty/protobuf-3.4.1/src/google/protobuf/reflection_ops.h" is an undeclared header
2022-05-11 11:31:26.213036 thirdparty/protobuf-3.4.1/BUILD:60: debug: "thirdparty/protobuf-3.4.1/src/google/protobuf/descriptor.pb.h" is an undeclared header
2022-05-11 11:31:26.213149 thirdparty/protobuf-3.4.1/BUILD:60: debug: "thirdparty/protobuf-3.4.1/src/google/protobuf/map_field.h" is an undeclared header
2022-05-11 11:31:26.213235 thirdparty/protobuf-3.4.1/BUILD:60: debug: "thirdparty/protobuf-3.4.1/src/google/protobuf/stubs/strutil.h" is an undeclared header
2022-05-11 11:31:26.213891 thirdparty/protobuf-3.4.1/BUILD:60: debug: "thirdparty/protobuf-3.4.1/src/google/protobuf/service.h" is an undeclared header
2022-05-11 11:31:26.215721 thirdparty/protobuf-3.4.1/BUILD:60: debug: "thirdparty/protobuf-3.4.1/src/google/protobuf/source_context.pb.h" is an undeclared header
2022-05-11 11:31:26.216001 thirdparty/protobuf-3.4.1/BUILD:60: debug: "thirdparty/protobuf-3.4.1/src/google/protobuf/generated_message_reflection.h" is an undeclared header
2022-05-11 11:31:26.216089 thirdparty/protobuf-3.4.1/BUILD:60: debug: "thirdparty/protobuf-3.4.1/src/google/protobuf/reflection_ops.h" is an undeclared header
2022-05-11 11:31:26.216151 thirdparty/protobuf-3.4.1/BUILD:60: debug: "thirdparty/protobuf-3.4.1/src/google/protobuf/wire_format.h" is an undeclared header
2022-05-11 11:31:26.216830 thirdparty/protobuf-3.4.1/BUILD:60: debug: "thirdparty/protobuf-3.4.1/src/google/protobuf/struct.pb.h" is an undeclared header
2022-05-11 11:31:26.216919 thirdparty/protobuf-3.4.1/BUILD:60: debug: "thirdparty/protobuf-3.4.1/src/google/protobuf/wire_format.h" is an undeclared header
2022-05-11 11:31:26.217273 thirdparty/protobuf-3.4.1/BUILD:60: debug: "thirdparty/protobuf-3.4.1/src/google/protobuf/stubs/mathlimits.h" is an undeclared header
2022-05-11 11:31:26.217683 thirdparty/protobuf-3.4.1/BUILD:60: debug: "thirdparty/protobuf-3.4.1/src/google/protobuf/stubs/substitute.h" is an undeclared header
2022-05-11 11:31:26.217851 thirdparty/protobuf-3.4.1/BUILD:60: debug: "thirdparty/protobuf-3.4.1/src/google/protobuf/stubs/stl_util.h" is an undeclared header
2022-05-11 11:31:26.219850 thirdparty/protobuf-3.4.1/BUILD:60: debug: "thirdparty/protobuf-3.4.1/src/google/protobuf/text_format.h" is an undeclared header
2022-05-11 11:31:26.220443 thirdparty/protobuf-3.4.1/BUILD:60: debug: "thirdparty/protobuf-3.4.1/src/google/protobuf/stubs/stringprintf.h" is an undeclared header
2022-05-11 11:31:26.220670 thirdparty/protobuf-3.4.1/BUILD:60: debug: "thirdparty/protobuf-3.4.1/src/google/protobuf/any.h" is an undeclared header
2022-05-11 11:31:26.220801 thirdparty/protobuf-3.4.1/BUILD:60: debug: "thirdparty/protobuf-3.4.1/src/google/protobuf/io/strtod.h" is an undeclared header
2022-05-11 11:31:26.220911 thirdparty/protobuf-3.4.1/BUILD:60: debug: "thirdparty/protobuf-3.4.1/src/google/protobuf/io/coded_stream.h" is an undeclared header
2022-05-11 11:31:26.220971 thirdparty/protobuf-3.4.1/BUILD:60: debug: "thirdparty/protobuf-3.4.1/src/google/protobuf/io/tokenizer.h" is an undeclared header
2022-05-11 11:31:26.221021 thirdparty/protobuf-3.4.1/BUILD:60: debug: "thirdparty/protobuf-3.4.1/src/google/protobuf/io/zero_copy_stream.h" is an undeclared header
2022-05-11 11:31:26.221069 thirdparty/protobuf-3.4.1/BUILD:60: debug: "thirdparty/protobuf-3.4.1/src/google/protobuf/io/zero_copy_stream_impl.h" is an undeclared header
2022-05-11 11:31:26.221118 thirdparty/protobuf-3.4.1/BUILD:60: debug: "thirdparty/protobuf-3.4.1/src/google/protobuf/descriptor.pb.h" is an undeclared header
2022-05-11 11:31:26.221165 thirdparty/protobuf-3.4.1/BUILD:60: debug: "thirdparty/protobuf-3.4.1/src/google/protobuf/dynamic_message.h" is an undeclared header
2022-05-11 11:31:26.221223 thirdparty/protobuf-3.4.1/BUILD:60: debug: "thirdparty/protobuf-3.4.1/src/google/protobuf/stubs/strutil.h" is an undeclared header
2022-05-11 11:31:26.221279 thirdparty/protobuf-3.4.1/BUILD:60: debug: "thirdparty/protobuf-3.4.1/src/google/protobuf/stubs/map_util.h" is an undeclared header
2022-05-11 11:31:26.222692 thirdparty/protobuf-3.4.1/BUILD:60: debug: "thirdparty/protobuf-3.4.1/src/google/protobuf/timestamp.pb.h" is an undeclared header
2022-05-11 11:31:26.222821 thirdparty/protobuf-3.4.1/BUILD:60: debug: "thirdparty/protobuf-3.4.1/src/google/protobuf/generated_message_reflection.h" is an undeclared header
2022-05-11 11:31:26.222855 thirdparty/protobuf-3.4.1/BUILD:60: debug: "thirdparty/protobuf-3.4.1/src/google/protobuf/reflection_ops.h" is an undeclared header
2022-05-11 11:31:26.222881 thirdparty/protobuf-3.4.1/BUILD:60: debug: "thirdparty/protobuf-3.4.1/src/google/protobuf/wire_format.h" is an undeclared header
2022-05-11 11:31:26.223557 thirdparty/protobuf-3.4.1/BUILD:60: debug: "thirdparty/protobuf-3.4.1/src/google/protobuf/type.pb.h" is an undeclared header
2022-05-11 11:31:26.223630 thirdparty/protobuf-3.4.1/BUILD:60: debug: "thirdparty/protobuf-3.4.1/src/google/protobuf/generated_message_reflection.h" is an undeclared header
2022-05-11 11:31:26.223663 thirdparty/protobuf-3.4.1/BUILD:60: debug: "thirdparty/protobuf-3.4.1/src/google/protobuf/reflection_ops.h" is an undeclared header
2022-05-11 11:31:26.223687 thirdparty/protobuf-3.4.1/BUILD:60: debug: "thirdparty/protobuf-3.4.1/src/google/protobuf/wire_format.h" is an undeclared header
2022-05-11 11:31:26.224476 thirdparty/protobuf-3.4.1/BUILD:60: debug: "thirdparty/protobuf-3.4.1/src/google/protobuf/unknown_field_set.h" is an undeclared header
2022-05-11 11:31:26.224539 thirdparty/protobuf-3.4.1/BUILD:60: debug: "thirdparty/protobuf-3.4.1/src/google/protobuf/io/zero_copy_stream.h" is an undeclared header
2022-05-11 11:31:26.224581 thirdparty/protobuf-3.4.1/BUILD:60: debug: "thirdparty/protobuf-3.4.1/src/google/protobuf/io/zero_copy_stream_impl.h" is an undeclared header
2022-05-11 11:31:26.224628 thirdparty/protobuf-3.4.1/BUILD:60: debug: "thirdparty/protobuf-3.4.1/src/google/protobuf/metadata.h" is an undeclared header
2022-05-11 11:31:26.224657 thirdparty/protobuf-3.4.1/BUILD:60: debug: "thirdparty/protobuf-3.4.1/src/google/protobuf/wire_format.h" is an undeclared header
2022-05-11 11:31:26.225067 thirdparty/protobuf-3.4.1/BUILD:60: debug: "thirdparty/protobuf-3.4.1/src/google/protobuf/util/delimited_message_util.h" is an undeclared header
2022-05-11 11:31:26.225579 thirdparty/protobuf-3.4.1/BUILD:60: debug: "thirdparty/protobuf-3.4.1/src/google/protobuf/util/field_comparator.h" is an undeclared header
2022-05-11 11:31:26.225628 thirdparty/protobuf-3.4.1/BUILD:60: debug: "thirdparty/protobuf-3.4.1/src/google/protobuf/descriptor.h" is an undeclared header
2022-05-11 11:31:26.225666 thirdparty/protobuf-3.4.1/BUILD:60: debug: "thirdparty/protobuf-3.4.1/src/google/protobuf/message.h" is an undeclared header
2022-05-11 11:31:26.225707 thirdparty/protobuf-3.4.1/BUILD:60: debug: "thirdparty/protobuf-3.4.1/src/google/protobuf/stubs/map_util.h" is an undeclared header
2022-05-11 11:31:26.225742 thirdparty/protobuf-3.4.1/BUILD:60: debug: "thirdparty/protobuf-3.4.1/src/google/protobuf/stubs/mathlimits.h" is an undeclared header
2022-05-11 11:31:26.225781 thirdparty/protobuf-3.4.1/BUILD:60: debug: "thirdparty/protobuf-3.4.1/src/google/protobuf/stubs/mathutil.h" is an undeclared header
2022-05-11 11:31:26.226596 thirdparty/protobuf-3.4.1/BUILD:60: debug: "thirdparty/protobuf-3.4.1/src/google/protobuf/util/field_mask_util.h" is an undeclared header
2022-05-11 11:31:26.226707 thirdparty/protobuf-3.4.1/BUILD:60: debug: "thirdparty/protobuf-3.4.1/src/google/protobuf/stubs/strutil.h" is an undeclared header
2022-05-11 11:31:26.226780 thirdparty/protobuf-3.4.1/BUILD:60: debug: "thirdparty/protobuf-3.4.1/src/google/protobuf/stubs/map_util.h" is an undeclared header
2022-05-11 11:31:26.227711 thirdparty/protobuf-3.4.1/BUILD:60: debug: "thirdparty/protobuf-3.4.1/src/google/protobuf/util/internal/datapiece.h" is an undeclared header
2022-05-11 11:31:26.227786 thirdparty/protobuf-3.4.1/BUILD:60: debug: "thirdparty/protobuf-3.4.1/src/google/protobuf/struct.pb.h" is an undeclared header
2022-05-11 11:31:26.227863 thirdparty/protobuf-3.4.1/BUILD:60: debug: "thirdparty/protobuf-3.4.1/src/google/protobuf/type.pb.h" is an undeclared header
2022-05-11 11:31:26.227890 thirdparty/protobuf-3.4.1/BUILD:60: debug: "thirdparty/protobuf-3.4.1/src/google/protobuf/util/internal/utility.h" is an undeclared header
2022-05-11 11:31:26.227915 thirdparty/protobuf-3.4.1/BUILD:60: debug: "thirdparty/protobuf-3.4.1/src/google/protobuf/stubs/mathlimits.h" is an undeclared header
2022-05-11 11:31:26.227957 thirdparty/protobuf-3.4.1/BUILD:60: debug: "thirdparty/protobuf-3.4.1/src/google/protobuf/stubs/mathutil.h" is an undeclared header
2022-05-11 11:31:26.229040 thirdparty/protobuf-3.4.1/BUILD:60: debug: "thirdparty/protobuf-3.4.1/src/google/protobuf/util/internal/default_value_objectwriter.h" is an undeclared header
2022-05-11 11:31:26.229295 thirdparty/protobuf-3.4.1/BUILD:60: debug: "thirdparty/protobuf-3.4.1/src/google/protobuf/util/internal/constants.h" is an undeclared header
2022-05-11 11:31:26.229364 thirdparty/protobuf-3.4.1/BUILD:60: debug: "thirdparty/protobuf-3.4.1/src/google/protobuf/stubs/map_util.h" is an undeclared header
2022-05-11 11:31:26.230443 thirdparty/protobuf-3.4.1/BUILD:60: debug: "thirdparty/protobuf-3.4.1/src/google/protobuf/util/internal/error_listener.h" is an undeclared header
2022-05-11 11:31:26.231196 thirdparty/protobuf-3.4.1/BUILD:60: debug: "thirdparty/protobuf-3.4.1/src/google/protobuf/util/internal/field_mask_utility.h" is an undeclared header
2022-05-11 11:31:26.231294 thirdparty/protobuf-3.4.1/BUILD:60: debug: "thirdparty/protobuf-3.4.1/src/google/protobuf/stubs/strutil.h" is an undeclared header
2022-05-11 11:31:26.231440 thirdparty/protobuf-3.4.1/BUILD:60: debug: "thirdparty/protobuf-3.4.1/src/google/protobuf/stubs/status_macros.h" is an undeclared header
2022-05-11 11:31:26.231951 thirdparty/protobuf-3.4.1/BUILD:60: debug: "thirdparty/protobuf-3.4.1/src/google/protobuf/util/internal/json_escaping.h" is an undeclared header
2022-05-11 11:31:26.233196 thirdparty/protobuf-3.4.1/BUILD:60: debug: "thirdparty/protobuf-3.4.1/src/google/protobuf/util/internal/json_objectwriter.h" is an undeclared header
2022-05-11 11:31:26.233325 thirdparty/protobuf-3.4.1/BUILD:60: debug: "thirdparty/protobuf-3.4.1/src/google/protobuf/util/internal/utility.h" is an undeclared header
2022-05-11 11:31:26.233365 thirdparty/protobuf-3.4.1/BUILD:60: debug: "thirdparty/protobuf-3.4.1/src/google/protobuf/util/internal/json_escaping.h" is an undeclared header
2022-05-11 11:31:26.233395 thirdparty/protobuf-3.4.1/BUILD:60: debug: "thirdparty/protobuf-3.4.1/src/google/protobuf/stubs/mathlimits.h" is an undeclared header
2022-05-11 11:31:26.233739 thirdparty/protobuf-3.4.1/BUILD:60: debug: "thirdparty/protobuf-3.4.1/src/google/protobuf/util/internal/json_stream_parser.h" is an undeclared header
2022-05-11 11:31:26.233775 thirdparty/protobuf-3.4.1/BUILD:60: debug: "thirdparty/protobuf-3.4.1/src/google/protobuf/util/internal/object_writer.h" is an undeclared header
2022-05-11 11:31:26.233800 thirdparty/protobuf-3.4.1/BUILD:60: debug: "thirdparty/protobuf-3.4.1/src/google/protobuf/util/internal/json_escaping.h" is an undeclared header
2022-05-11 11:31:26.233824 thirdparty/protobuf-3.4.1/BUILD:60: debug: "thirdparty/protobuf-3.4.1/src/google/protobuf/stubs/strutil.h" is an undeclared header
2022-05-11 11:31:26.233846 thirdparty/protobuf-3.4.1/BUILD:60: debug: "thirdparty/protobuf-3.4.1/src/google/protobuf/stubs/mathlimits.h" is an undeclared header
2022-05-11 11:31:26.234245 thirdparty/protobuf-3.4.1/BUILD:60: debug: "thirdparty/protobuf-3.4.1/src/google/protobuf/util/internal/object_writer.h" is an undeclared header
2022-05-11 11:31:26.234292 thirdparty/protobuf-3.4.1/BUILD:60: debug: "thirdparty/protobuf-3.4.1/src/google/protobuf/util/internal/datapiece.h" is an undeclared header
2022-05-11 11:31:26.234903 thirdparty/protobuf-3.4.1/BUILD:60: debug: "thirdparty/protobuf-3.4.1/src/google/protobuf/util/internal/proto_writer.h" is an undeclared header
2022-05-11 11:31:26.235138 thirdparty/protobuf-3.4.1/BUILD:60: debug: "thirdparty/protobuf-3.4.1/src/google/protobuf/stubs/time.h" is an undeclared header
2022-05-11 11:31:26.235200 thirdparty/protobuf-3.4.1/BUILD:60: debug: "thirdparty/protobuf-3.4.1/src/google/protobuf/util/internal/field_mask_utility.h" is an undeclared header
2022-05-11 11:31:26.235254 thirdparty/protobuf-3.4.1/BUILD:60: debug: "thirdparty/protobuf-3.4.1/src/google/protobuf/util/internal/object_location_tracker.h" is an undeclared header
2022-05-11 11:31:26.235282 thirdparty/protobuf-3.4.1/BUILD:60: debug: "thirdparty/protobuf-3.4.1/src/google/protobuf/util/internal/constants.h" is an undeclared header
2022-05-11 11:31:26.235309 thirdparty/protobuf-3.4.1/BUILD:60: debug: "thirdparty/protobuf-3.4.1/src/google/protobuf/util/internal/utility.h" is an undeclared header
2022-05-11 11:31:26.235463 thirdparty/protobuf-3.4.1/BUILD:60: debug: "thirdparty/protobuf-3.4.1/src/google/protobuf/stubs/map_util.h" is an undeclared header
2022-05-11 11:31:26.236372 thirdparty/protobuf-3.4.1/BUILD:60: debug: "thirdparty/protobuf-3.4.1/src/google/protobuf/util/internal/protostream_objectsource.h" is an undeclared header
2022-05-11 11:31:26.236442 thirdparty/protobuf-3.4.1/BUILD:60: debug: "thirdparty/protobuf-3.4.1/src/google/protobuf/stubs/stringprintf.h" is an undeclared header
2022-05-11 11:31:26.236572 thirdparty/protobuf-3.4.1/BUILD:60: debug: "thirdparty/protobuf-3.4.1/src/google/protobuf/stubs/time.h" is an undeclared header
2022-05-11 11:31:26.236636 thirdparty/protobuf-3.4.1/BUILD:60: debug: "thirdparty/protobuf-3.4.1/src/google/protobuf/io/zero_copy_stream_impl.h" is an undeclared header
2022-05-11 11:31:26.236863 thirdparty/protobuf-3.4.1/BUILD:60: debug: "thirdparty/protobuf-3.4.1/src/google/protobuf/wire_format.h" is an undeclared header
2022-05-11 11:31:26.236985 thirdparty/protobuf-3.4.1/BUILD:60: debug: "thirdparty/protobuf-3.4.1/src/google/protobuf/util/internal/field_mask_utility.h" is an undeclared header
2022-05-11 11:31:26.237096 thirdparty/protobuf-3.4.1/BUILD:60: debug: "thirdparty/protobuf-3.4.1/src/google/protobuf/util/internal/constants.h" is an undeclared header
2022-05-11 11:31:26.237290 thirdparty/protobuf-3.4.1/BUILD:60: debug: "thirdparty/protobuf-3.4.1/src/google/protobuf/util/internal/utility.h" is an undeclared header
2022-05-11 11:31:26.237389 thirdparty/protobuf-3.4.1/BUILD:60: debug: "thirdparty/protobuf-3.4.1/src/google/protobuf/stubs/map_util.h" is an undeclared header
2022-05-11 11:31:26.237489 thirdparty/protobuf-3.4.1/BUILD:60: debug: "thirdparty/protobuf-3.4.1/src/google/protobuf/stubs/status_macros.h" is an undeclared header
2022-05-11 11:31:26.239563 thirdparty/protobuf-3.4.1/BUILD:60: debug: "thirdparty/protobuf-3.4.1/src/google/protobuf/util/internal/protostream_objectwriter.h" is an undeclared header
2022-05-11 11:31:26.239961 thirdparty/protobuf-3.4.1/BUILD:60: debug: "thirdparty/protobuf-3.4.1/src/google/protobuf/stubs/time.h" is an undeclared header
2022-05-11 11:31:26.240122 thirdparty/protobuf-3.4.1/BUILD:60: debug: "thirdparty/protobuf-3.4.1/src/google/protobuf/util/internal/field_mask_utility.h" is an undeclared header
2022-05-11 11:31:26.240163 thirdparty/protobuf-3.4.1/BUILD:60: debug: "thirdparty/protobuf-3.4.1/src/google/protobuf/util/internal/object_location_tracker.h" is an undeclared header
2022-05-11 11:31:26.240192 thirdparty/protobuf-3.4.1/BUILD:60: debug: "thirdparty/protobuf-3.4.1/src/google/protobuf/util/internal/constants.h" is an undeclared header
2022-05-11 11:31:26.240219 thirdparty/protobuf-3.4.1/BUILD:60: debug: "thirdparty/protobuf-3.4.1/src/google/protobuf/util/internal/utility.h" is an undeclared header
2022-05-11 11:31:26.240246 thirdparty/protobuf-3.4.1/BUILD:60: debug: "thirdparty/protobuf-3.4.1/src/google/protobuf/stubs/map_util.h" is an undeclared header
2022-05-11 11:31:26.240881 thirdparty/protobuf-3.4.1/BUILD:60: debug: "thirdparty/protobuf-3.4.1/src/google/protobuf/util/internal/type_info.h" is an undeclared header
2022-05-11 11:31:26.240929 thirdparty/protobuf-3.4.1/BUILD:60: debug: "thirdparty/protobuf-3.4.1/src/google/protobuf/util/internal/utility.h" is an undeclared header
2022-05-11 11:31:26.240967 thirdparty/protobuf-3.4.1/BUILD:60: debug: "thirdparty/protobuf-3.4.1/src/google/protobuf/stubs/map_util.h" is an undeclared header
2022-05-11 11:31:26.241789 thirdparty/protobuf-3.4.1/BUILD:60: debug: "thirdparty/protobuf-3.4.1/src/google/protobuf/util/internal/type_info_test_helper.h" is an undeclared header
2022-05-11 11:31:26.241848 thirdparty/protobuf-3.4.1/BUILD:60: debug: "thirdparty/protobuf-3.4.1/src/google/protobuf/util/internal/constants.h" is an undeclared header
2022-05-11 11:31:26.241877 thirdparty/protobuf-3.4.1/BUILD:60: debug: "thirdparty/protobuf-3.4.1/src/google/protobuf/util/type_resolver_util.h" is an undeclared header
2022-05-11 11:31:26.242648 thirdparty/protobuf-3.4.1/BUILD:60: debug: "thirdparty/protobuf-3.4.1/src/google/protobuf/util/internal/utility.h" is an undeclared header
2022-05-11 11:31:26.242706 thirdparty/protobuf-3.4.1/BUILD:60: debug: "thirdparty/protobuf-3.4.1/src/google/protobuf/wrappers.pb.h" is an undeclared header
2022-05-11 11:31:26.242738 thirdparty/protobuf-3.4.1/BUILD:60: debug: "thirdparty/protobuf-3.4.1/src/google/protobuf/descriptor.pb.h" is an undeclared header
2022-05-11 11:31:26.242763 thirdparty/protobuf-3.4.1/BUILD:60: debug: "thirdparty/protobuf-3.4.1/src/google/protobuf/util/internal/constants.h" is an undeclared header
2022-05-11 11:31:26.242788 thirdparty/protobuf-3.4.1/BUILD:60: debug: "thirdparty/protobuf-3.4.1/src/google/protobuf/stubs/map_util.h" is an undeclared header
2022-05-11 11:31:26.242813 thirdparty/protobuf-3.4.1/BUILD:60: debug: "thirdparty/protobuf-3.4.1/src/google/protobuf/stubs/mathlimits.h" is an undeclared header
2022-05-11 11:31:26.243754 thirdparty/protobuf-3.4.1/BUILD:60: debug: "thirdparty/protobuf-3.4.1/src/google/protobuf/util/json_util.h" is an undeclared header
2022-05-11 11:31:26.243830 thirdparty/protobuf-3.4.1/BUILD:60: debug: "thirdparty/protobuf-3.4.1/src/google/protobuf/io/coded_stream.h" is an undeclared header
2022-05-11 11:31:26.243863 thirdparty/protobuf-3.4.1/BUILD:60: debug: "thirdparty/protobuf-3.4.1/src/google/protobuf/io/zero_copy_stream.h" is an undeclared header
2022-05-11 11:31:26.243890 thirdparty/protobuf-3.4.1/BUILD:60: debug: "thirdparty/protobuf-3.4.1/src/google/protobuf/util/internal/default_value_objectwriter.h" is an undeclared header
2022-05-11 11:31:26.243915 thirdparty/protobuf-3.4.1/BUILD:60: debug: "thirdparty/protobuf-3.4.1/src/google/protobuf/util/internal/error_listener.h" is an undeclared header
2022-05-11 11:31:26.243943 thirdparty/protobuf-3.4.1/BUILD:60: debug: "thirdparty/protobuf-3.4.1/src/google/protobuf/util/internal/json_objectwriter.h" is an undeclared header
2022-05-11 11:31:26.243967 thirdparty/protobuf-3.4.1/BUILD:60: debug: "thirdparty/protobuf-3.4.1/src/google/protobuf/util/internal/json_stream_parser.h" is an undeclared header
2022-05-11 11:31:26.243991 thirdparty/protobuf-3.4.1/BUILD:60: debug: "thirdparty/protobuf-3.4.1/src/google/protobuf/util/internal/protostream_objectsource.h" is an undeclared header
2022-05-11 11:31:26.244014 thirdparty/protobuf-3.4.1/BUILD:60: debug: "thirdparty/protobuf-3.4.1/src/google/protobuf/util/internal/protostream_objectwriter.h" is an undeclared header
2022-05-11 11:31:26.244039 thirdparty/protobuf-3.4.1/BUILD:60: debug: "thirdparty/protobuf-3.4.1/src/google/protobuf/util/type_resolver_util.h" is an undeclared header
2022-05-11 11:31:26.244210 thirdparty/protobuf-3.4.1/BUILD:60: debug: "thirdparty/protobuf-3.4.1/src/google/protobuf/stubs/status_macros.h" is an undeclared header
2022-05-11 11:31:26.244935 thirdparty/protobuf-3.4.1/BUILD:60: debug: "thirdparty/protobuf-3.4.1/src/google/protobuf/util/message_differencer.h" is an undeclared header
2022-05-11 11:31:26.245040 thirdparty/protobuf-3.4.1/BUILD:60: debug: "thirdparty/protobuf-3.4.1/src/google/protobuf/stubs/stringprintf.h" is an undeclared header
2022-05-11 11:31:26.245085 thirdparty/protobuf-3.4.1/BUILD:60: debug: "thirdparty/protobuf-3.4.1/src/google/protobuf/any.h" is an undeclared header
2022-05-11 11:31:26.245117 thirdparty/protobuf-3.4.1/BUILD:60: debug: "thirdparty/protobuf-3.4.1/src/google/protobuf/io/printer.h" is an undeclared header
2022-05-11 11:31:26.245156 thirdparty/protobuf-3.4.1/BUILD:60: debug: "thirdparty/protobuf-3.4.1/src/google/protobuf/io/zero_copy_stream.h" is an undeclared header
2022-05-11 11:31:26.245184 thirdparty/protobuf-3.4.1/BUILD:60: debug: "thirdparty/protobuf-3.4.1/src/google/protobuf/io/zero_copy_stream_impl.h" is an undeclared header
2022-05-11 11:31:26.245212 thirdparty/protobuf-3.4.1/BUILD:60: debug: "thirdparty/protobuf-3.4.1/src/google/protobuf/descriptor.pb.h" is an undeclared header
2022-05-11 11:31:26.245238 thirdparty/protobuf-3.4.1/BUILD:60: debug: "thirdparty/protobuf-3.4.1/src/google/protobuf/dynamic_message.h" is an undeclared header
2022-05-11 11:31:26.245507 thirdparty/protobuf-3.4.1/BUILD:60: debug: "thirdparty/protobuf-3.4.1/src/google/protobuf/text_format.h" is an undeclared header
2022-05-11 11:31:26.245586 thirdparty/protobuf-3.4.1/BUILD:60: debug: "thirdparty/protobuf-3.4.1/src/google/protobuf/stubs/strutil.h" is an undeclared header
2022-05-11 11:31:26.246440 thirdparty/protobuf-3.4.1/BUILD:60: debug: "thirdparty/protobuf-3.4.1/src/google/protobuf/util/time_util.h" is an undeclared header
2022-05-11 11:31:26.246506 thirdparty/protobuf-3.4.1/BUILD:60: debug: "thirdparty/protobuf-3.4.1/src/google/protobuf/stubs/time.h" is an undeclared header
2022-05-11 11:31:26.246542 thirdparty/protobuf-3.4.1/BUILD:60: debug: "thirdparty/protobuf-3.4.1/src/google/protobuf/stubs/int128.h" is an undeclared header
2022-05-11 11:31:26.246569 thirdparty/protobuf-3.4.1/BUILD:60: debug: "thirdparty/protobuf-3.4.1/src/google/protobuf/stubs/strutil.h" is an undeclared header
2022-05-11 11:31:26.246594 thirdparty/protobuf-3.4.1/BUILD:60: debug: "thirdparty/protobuf-3.4.1/src/google/protobuf/stubs/stringprintf.h" is an undeclared header
2022-05-11 11:31:26.247187 thirdparty/protobuf-3.4.1/BUILD:60: debug: "thirdparty/protobuf-3.4.1/src/google/protobuf/util/type_resolver_util.h" is an undeclared header
2022-05-11 11:31:26.247233 thirdparty/protobuf-3.4.1/BUILD:60: debug: "thirdparty/protobuf-3.4.1/src/google/protobuf/type.pb.h" is an undeclared header
2022-05-11 11:31:26.247263 thirdparty/protobuf-3.4.1/BUILD:60: debug: "thirdparty/protobuf-3.4.1/src/google/protobuf/wrappers.pb.h" is an undeclared header
2022-05-11 11:31:26.247301 thirdparty/protobuf-3.4.1/BUILD:60: debug: "thirdparty/protobuf-3.4.1/src/google/protobuf/descriptor.pb.h" is an undeclared header
2022-05-11 11:31:26.247325 thirdparty/protobuf-3.4.1/BUILD:60: debug: "thirdparty/protobuf-3.4.1/src/google/protobuf/util/internal/utility.h" is an undeclared header
2022-05-11 11:31:26.247350 thirdparty/protobuf-3.4.1/BUILD:60: debug: "thirdparty/protobuf-3.4.1/src/google/protobuf/util/type_resolver.h" is an undeclared header
2022-05-11 11:31:26.248112 thirdparty/protobuf-3.4.1/BUILD:60: debug: "thirdparty/protobuf-3.4.1/src/google/protobuf/wire_format.h" is an undeclared header
2022-05-11 11:31:26.248166 thirdparty/protobuf-3.4.1/BUILD:60: debug: "thirdparty/protobuf-3.4.1/src/google/protobuf/stubs/stringprintf.h" is an undeclared header
2022-05-11 11:31:26.248192 thirdparty/protobuf-3.4.1/BUILD:60: debug: "thirdparty/protobuf-3.4.1/src/google/protobuf/dynamic_message.h" is an undeclared header
2022-05-11 11:31:26.248214 thirdparty/protobuf-3.4.1/BUILD:60: debug: "thirdparty/protobuf-3.4.1/src/google/protobuf/map_field.h" is an undeclared header
2022-05-11 11:31:26.248253 thirdparty/protobuf-3.4.1/BUILD:60: debug: "thirdparty/protobuf-3.4.1/src/google/protobuf/io/zero_copy_stream.h" is an undeclared header
2022-05-11 11:31:26.248274 thirdparty/protobuf-3.4.1/BUILD:60: debug: "thirdparty/protobuf-3.4.1/src/google/protobuf/io/zero_copy_stream_impl.h" is an undeclared header
2022-05-11 11:31:26.248728 thirdparty/protobuf-3.4.1/BUILD:60: debug: "thirdparty/protobuf-3.4.1/src/google/protobuf/wrappers.pb.h" is an undeclared header
2022-05-11 11:31:26.248778 thirdparty/protobuf-3.4.1/BUILD:60: debug: "thirdparty/protobuf-3.4.1/src/google/protobuf/generated_message_reflection.h" is an undeclared header
2022-05-11 11:31:26.248817 thirdparty/protobuf-3.4.1/BUILD:60: debug: "thirdparty/protobuf-3.4.1/src/google/protobuf/reflection_ops.h" is an undeclared header
2022-05-11 11:31:26.248843 thirdparty/protobuf-3.4.1/BUILD:60: debug: "thirdparty/protobuf-3.4.1/src/google/protobuf/wire_format.h" is an undeclared header
