2022-05-11 11:31:00.816086 thirdparty/protobuf-3.4.1/BUILD:21: debug: "thirdparty/protobuf-3.4.1/src/google/protobuf/arena.h" is an undeclared header
2022-05-11 11:31:00.816446 thirdparty/protobuf-3.4.1/BUILD:21: debug: "thirdparty/protobuf-3.4.1/src/google/protobuf/arenastring.h" is an undeclared header
2022-05-11 11:31:00.816808 thirdparty/protobuf-3.4.1/BUILD:21: debug: "thirdparty/protobuf-3.4.1/src/google/protobuf/stubs/hash.h" is an undeclared header
2022-05-11 11:31:00.816848 thirdparty/protobuf-3.4.1/BUILD:21: debug: "thirdparty/protobuf-3.4.1/src/google/protobuf/stubs/once.h" is an undeclared header
2022-05-11 11:31:00.816872 thirdparty/protobuf-3.4.1/BUILD:21: debug: "thirdparty/protobuf-3.4.1/src/google/protobuf/extension_set.h" is an undeclared header
2022-05-11 11:31:00.816895 thirdparty/protobuf-3.4.1/BUILD:21: debug: "thirdparty/protobuf-3.4.1/src/google/protobuf/io/coded_stream.h" is an undeclared header
2022-05-11 11:31:00.816917 thirdparty/protobuf-3.4.1/BUILD:21: debug: "thirdparty/protobuf-3.4.1/src/google/protobuf/wire_format_lite_inl.h" is an undeclared header
2022-05-11 11:31:00.816939 thirdparty/protobuf-3.4.1/BUILD:21: debug: "thirdparty/protobuf-3.4.1/src/google/protobuf/stubs/map_util.h" is an undeclared header
2022-05-11 11:31:00.817327 thirdparty/protobuf-3.4.1/BUILD:21: debug: "thirdparty/protobuf-3.4.1/src/google/protobuf/generated_message_table_driven_lite.h" is an undeclared header
2022-05-11 11:31:00.817721 thirdparty/protobuf-3.4.1/BUILD:21: debug: "thirdparty/protobuf-3.4.1/src/google/protobuf/generated_message_util.h" is an undeclared header
2022-05-11 11:31:00.817762 thirdparty/protobuf-3.4.1/BUILD:21: debug: "thirdparty/protobuf-3.4.1/src/google/protobuf/io/coded_stream_inl.h" is an undeclared header
2022-05-11 11:31:00.817788 thirdparty/protobuf-3.4.1/BUILD:21: debug: "thirdparty/protobuf-3.4.1/src/google/protobuf/extension_set.h" is an undeclared header
2022-05-11 11:31:00.817813 thirdparty/protobuf-3.4.1/BUILD:21: debug: "thirdparty/protobuf-3.4.1/src/google/protobuf/metadata_lite.h" is an undeclared header
2022-05-11 11:31:00.818102 thirdparty/protobuf-3.4.1/BUILD:21: debug: "thirdparty/protobuf-3.4.1/src/google/protobuf/io/coded_stream_inl.h" is an undeclared header
2022-05-11 11:31:00.818137 thirdparty/protobuf-3.4.1/BUILD:21: debug: "thirdparty/protobuf-3.4.1/src/google/protobuf/arena.h" is an undeclared header
2022-05-11 11:31:00.818359 thirdparty/protobuf-3.4.1/BUILD:21: debug: "thirdparty/protobuf-3.4.1/src/google/protobuf/io/zero_copy_stream.h" is an undeclared header
2022-05-11 11:31:00.818602 thirdparty/protobuf-3.4.1/BUILD:21: debug: "thirdparty/protobuf-3.4.1/src/google/protobuf/io/zero_copy_stream_impl_lite.h" is an undeclared header
2022-05-11 11:31:00.818639 thirdparty/protobuf-3.4.1/BUILD:21: debug: "thirdparty/protobuf-3.4.1/src/google/protobuf/stubs/casts.h" is an undeclared header
2022-05-11 11:31:00.819023 thirdparty/protobuf-3.4.1/BUILD:21: debug: "thirdparty/protobuf-3.4.1/src/google/protobuf/arena.h" is an undeclared header
2022-05-11 11:31:00.819061 thirdparty/protobuf-3.4.1/BUILD:21: debug: "thirdparty/protobuf-3.4.1/src/google/protobuf/generated_message_util.h" is an undeclared header
2022-05-11 11:31:00.819088 thirdparty/protobuf-3.4.1/BUILD:21: debug: "thirdparty/protobuf-3.4.1/src/google/protobuf/io/zero_copy_stream_impl_lite.h" is an undeclared header
2022-05-11 11:31:00.819360 thirdparty/protobuf-3.4.1/BUILD:21: debug: "thirdparty/protobuf-3.4.1/src/google/protobuf/repeated_field.h" is an undeclared header
2022-05-11 11:31:00.819579 thirdparty/protobuf-3.4.1/BUILD:21: debug: "thirdparty/protobuf-3.4.1/src/google/protobuf/stubs/atomicops.h" is an undeclared header
2022-05-11 11:31:00.819792 thirdparty/protobuf-3.4.1/BUILD:21: debug: "thirdparty/protobuf-3.4.1/src/google/protobuf/stubs/atomicops.h" is an undeclared header
2022-05-11 11:31:00.820037 thirdparty/protobuf-3.4.1/BUILD:21: debug: "thirdparty/protobuf-3.4.1/src/google/protobuf/stubs/bytestream.h" is an undeclared header
2022-05-11 11:31:00.820312 thirdparty/protobuf-3.4.1/BUILD:21: debug: "thirdparty/protobuf-3.4.1/src/google/protobuf/message_lite.h" is an undeclared header
2022-05-11 11:31:00.820362 thirdparty/protobuf-3.4.1/BUILD:21: debug: "thirdparty/protobuf-3.4.1/src/google/protobuf/stubs/status.h" is an undeclared header
2022-05-11 11:31:00.820387 thirdparty/protobuf-3.4.1/BUILD:21: debug: "thirdparty/protobuf-3.4.1/src/google/protobuf/stubs/strutil.h" is an undeclared header
2022-05-11 11:31:00.820409 thirdparty/protobuf-3.4.1/BUILD:21: debug: "thirdparty/protobuf-3.4.1/src/google/protobuf/stubs/int128.h" is an undeclared header
2022-05-11 11:31:00.820613 thirdparty/protobuf-3.4.1/BUILD:21: debug: "thirdparty/protobuf-3.4.1/src/google/protobuf/stubs/int128.h" is an undeclared header
2022-05-11 11:31:00.820883 thirdparty/protobuf-3.4.1/BUILD:21: debug: "thirdparty/protobuf-3.4.1/src/google/protobuf/stubs/once.h" is an undeclared header
2022-05-11 11:31:00.821094 thirdparty/protobuf-3.4.1/BUILD:21: debug: "thirdparty/protobuf-3.4.1/src/google/protobuf/stubs/status.h" is an undeclared header
2022-05-11 11:31:00.821315 thirdparty/protobuf-3.4.1/BUILD:21: debug: "thirdparty/protobuf-3.4.1/src/google/protobuf/stubs/statusor.h" is an undeclared header
2022-05-11 11:31:00.821532 thirdparty/protobuf-3.4.1/BUILD:21: debug: "thirdparty/protobuf-3.4.1/src/google/protobuf/stubs/stringpiece.h" is an undeclared header
2022-05-11 11:31:00.821758 thirdparty/protobuf-3.4.1/BUILD:21: debug: "thirdparty/protobuf-3.4.1/src/google/protobuf/stubs/stringprintf.h" is an undeclared header
2022-05-11 11:31:00.822007 thirdparty/protobuf-3.4.1/BUILD:21: debug: "thirdparty/protobuf-3.4.1/src/google/protobuf/stubs/common.h" is an undeclared header
2022-05-11 11:31:00.822042 thirdparty/protobuf-3.4.1/BUILD:21: debug: "thirdparty/protobuf-3.4.1/src/google/protobuf/stubs/stringpiece.h" is an undeclared header
2022-05-11 11:31:00.822278 thirdparty/protobuf-3.4.1/BUILD:21: debug: "thirdparty/protobuf-3.4.1/src/google/protobuf/stubs/strutil.h" is an undeclared header
2022-05-11 11:31:00.822313 thirdparty/protobuf-3.4.1/BUILD:21: debug: "thirdparty/protobuf-3.4.1/src/google/protobuf/stubs/mathlimits.h" is an undeclared header
2022-05-11 11:31:00.822337 thirdparty/protobuf-3.4.1/BUILD:21: debug: "thirdparty/protobuf-3.4.1/src/google/protobuf/stubs/stl_util.h" is an undeclared header
2022-05-11 11:31:00.822583 thirdparty/protobuf-3.4.1/BUILD:21: debug: "thirdparty/protobuf-3.4.1/src/google/protobuf/stubs/time.h" is an undeclared header
2022-05-11 11:31:00.822616 thirdparty/protobuf-3.4.1/BUILD:21: debug: "thirdparty/protobuf-3.4.1/src/google/protobuf/stubs/stringprintf.h" is an undeclared header
2022-05-11 11:31:00.822642 thirdparty/protobuf-3.4.1/BUILD:21: debug: "thirdparty/protobuf-3.4.1/src/google/protobuf/stubs/strutil.h" is an undeclared header
2022-05-11 11:31:00.822988 thirdparty/protobuf-3.4.1/BUILD:21: debug: "thirdparty/protobuf-3.4.1/src/google/protobuf/wire_format_lite_inl.h" is an undeclared header
2022-05-11 11:31:00.823020 thirdparty/protobuf-3.4.1/BUILD:21: debug: "thirdparty/protobuf-3.4.1/src/google/protobuf/stubs/stringprintf.h" is an undeclared header
2022-05-11 11:31:00.823044 thirdparty/protobuf-3.4.1/BUILD:21: debug: "thirdparty/protobuf-3.4.1/src/google/protobuf/io/coded_stream_inl.h" is an undeclared header
